This is pdfTeX, Version 3.1415926-2.5-1.40.14 (MiKTeX 2.9 64-bit) (preloaded format=pdflatex 2015.5.12)  14 JUN 2015 09:00
entering extended mode
**skripsi.tex
("C:\Users\Aldi Reinaldi\Documents\GitHub\TAmenoy\skripsi.tex"
LaTeX2e <2011/06/27>
Babel <v3.8m> and hyphenation patterns for english, afrikaans, ancientgreek, ar
abic, armenian, assamese, basque, bengali, bokmal, bulgarian, catalan, coptic, 
croatian, czech, danish, dutch, esperanto, estonian, farsi, finnish, french, ga
lician, german, german-x-2013-05-26, greek, gujarati, hindi, hungarian, iceland
ic, indonesian, interlingua, irish, italian, kannada, kurmanji, latin, latvian,
 lithuanian, malayalam, marathi, mongolian, mongolianlmc, monogreek, ngerman, n
german-x-2013-05-26, nynorsk, oriya, panjabi, pinyin, polish, portuguese, roman
ian, russian, sanskrit, serbian, slovak, slovenian, spanish, swedish, swissgerm
an, tamil, telugu, turkish, turkmen, ukenglish, ukrainian, uppersorbian, usengl
ishmax, welsh, loaded.
("C:\Program Files\MiKTeX 2.9\tex\latex\base\report.cls"
Document Class: report 2007/10/19 v1.4h Standard LaTeX document class
("C:\Program Files\MiKTeX 2.9\tex\latex\base\size12.clo"
File: size12.clo 2007/10/19 v1.4h Standard LaTeX file (size option)
)
\c@part=\count79
\c@chapter=\count80
\c@section=\count81
\c@subsection=\count82
\c@subsubsection=\count83
\c@paragraph=\count84
\c@subparagraph=\count85
\c@figure=\count86
\c@table=\count87
\abovecaptionskip=\skip41
\belowcaptionskip=\skip42
\bibindent=\dimen102
)
("C:\Users\Aldi Reinaldi\Documents\GitHub\TAmenoy\uithesis.sty"
("C:\Program Files\MiKTeX 2.9\tex\latex\tocbibind\tocbibind.sty"
Package: tocbibind 2010/10/13 v1.5k extra ToC listings
Package tocbibind Info: The document has chapter divisions on input line 50.


Package tocbibind Note: Using chapter style headings, unless overridden.

) ("C:\Program Files\MiKTeX 2.9\tex\latex\hyperref\hyperref.sty"
Package: hyperref 2012/11/06 v6.83m Hypertext links for LaTeX

("C:\Program Files\MiKTeX 2.9\tex\generic\oberdiek\hobsub-hyperref.sty"
Package: hobsub-hyperref 2012/04/25 v1.12 Bundle oberdiek, subset hyperref (HO)


("C:\Program Files\MiKTeX 2.9\tex\generic\oberdiek\hobsub-generic.sty"
Package: hobsub-generic 2012/04/25 v1.12 Bundle oberdiek, subset generic (HO)
Package: hobsub 2012/04/25 v1.12 Construct package bundles (HO)
Package: infwarerr 2010/04/08 v1.3 Providing info/warning/error messages (HO)
Package: ltxcmds 2011/11/09 v1.22 LaTeX kernel commands for general use (HO)
Package: ifluatex 2010/03/01 v1.3 Provides the ifluatex switch (HO)
Package ifluatex Info: LuaTeX not detected.
Package: ifvtex 2010/03/01 v1.5 Detect VTeX and its facilities (HO)
Package ifvtex Info: VTeX not detected.
Package: intcalc 2007/09/27 v1.1 Expandable calculations with integers (HO)
Package: ifpdf 2011/01/30 v2.3 Provides the ifpdf switch (HO)
Package ifpdf Info: pdfTeX in PDF mode is detected.
Package: etexcmds 2011/02/16 v1.5 Avoid name clashes with e-TeX commands (HO)
Package etexcmds Info: Could not find \expanded.
(etexcmds)             That can mean that you are not using pdfTeX 1.50 or
(etexcmds)             that some package has redefined \expanded.
(etexcmds)             In the latter case, load this package earlier.
Package: kvsetkeys 2012/04/25 v1.16 Key value parser (HO)
Package: kvdefinekeys 2011/04/07 v1.3 Define keys (HO)
Package: pdftexcmds 2011/11/29 v0.20 Utility functions of pdfTeX for LuaTeX (HO
)
Package pdftexcmds Info: LuaTeX not detected.
Package pdftexcmds Info: \pdf@primitive is available.
Package pdftexcmds Info: \pdf@ifprimitive is available.
Package pdftexcmds Info: \pdfdraftmode found.
Package: pdfescape 2011/11/25 v1.13 Implements pdfTeX's escape features (HO)
Package: bigintcalc 2012/04/08 v1.3 Expandable calculations on big integers (HO
)
Package: bitset 2011/01/30 v1.1 Handle bit-vector datatype (HO)
Package: uniquecounter 2011/01/30 v1.2 Provide unlimited unique counter (HO)
)
Package hobsub Info: Skipping package `hobsub' (already loaded).
Package: letltxmacro 2010/09/02 v1.4 Let assignment for LaTeX macros (HO)
Package: hopatch 2011/06/24 v1.1 Wrapper for package hooks (HO)
Package: xcolor-patch 2011/01/30 xcolor patch
Package: atveryend 2011/06/30 v1.8 Hooks at the very end of document (HO)
Package atveryend Info: \enddocument detected (standard20110627).
Package: atbegshi 2011/10/05 v1.16 At begin shipout hook (HO)
Package: refcount 2011/10/16 v3.4 Data extraction from label references (HO)
Package: hycolor 2011/01/30 v1.7 Color options for hyperref/bookmark (HO)
)
("C:\Program Files\MiKTeX 2.9\tex\latex\graphics\keyval.sty"
Package: keyval 1999/03/16 v1.13 key=value parser (DPC)
\KV@toks@=\toks14
)
("C:\Program Files\MiKTeX 2.9\tex\generic\ifxetex\ifxetex.sty"
Package: ifxetex 2010/09/12 v0.6 Provides ifxetex conditional
)
("C:\Program Files\MiKTeX 2.9\tex\latex\oberdiek\auxhook.sty"
Package: auxhook 2011/03/04 v1.3 Hooks for auxiliary files (HO)
)
("C:\Program Files\MiKTeX 2.9\tex\latex\oberdiek\kvoptions.sty"
Package: kvoptions 2011/06/30 v3.11 Key value format for package options (HO)
)
\@linkdim=\dimen103
\Hy@linkcounter=\count88
\Hy@pagecounter=\count89

("C:\Program Files\MiKTeX 2.9\tex\latex\hyperref\pd1enc.def"
File: pd1enc.def 2012/11/06 v6.83m Hyperref: PDFDocEncoding definition (HO)
)
\Hy@SavedSpaceFactor=\count90

("C:\Program Files\MiKTeX 2.9\tex\latex\00miktex\hyperref.cfg"
File: hyperref.cfg 2002/06/06 v1.2 hyperref configuration of TeXLive
)
Package hyperref Info: Option `final' set `true' on input line 4319.
Package hyperref Info: Hyper figures OFF on input line 4443.
Package hyperref Info: Link nesting OFF on input line 4448.
Package hyperref Info: Hyper index ON on input line 4451.
Package hyperref Info: Plain pages OFF on input line 4458.
Package hyperref Info: Backreferencing OFF on input line 4463.
Package hyperref Info: Implicit mode ON; LaTeX internals redefined.
Package hyperref Info: Bookmarks ON on input line 4688.
\c@Hy@tempcnt=\count91

("C:\Program Files\MiKTeX 2.9\tex\latex\url\url.sty"
\Urlmuskip=\muskip10
Package: url 2013/09/16  ver 3.4  Verb mode for urls, etc.
)
LaTeX Info: Redefining \url on input line 5041.
\XeTeXLinkMargin=\dimen104
\Fld@menulength=\count92
\Field@Width=\dimen105
\Fld@charsize=\dimen106
Package hyperref Info: Hyper figures OFF on input line 6295.
Package hyperref Info: Link nesting OFF on input line 6300.
Package hyperref Info: Hyper index ON on input line 6303.
Package hyperref Info: backreferencing OFF on input line 6310.
Package hyperref Info: Link coloring OFF on input line 6315.
Package hyperref Info: Link coloring with OCG OFF on input line 6320.
Package hyperref Info: PDF/A mode OFF on input line 6325.
LaTeX Info: Redefining \ref on input line 6365.
LaTeX Info: Redefining \pageref on input line 6369.
\Hy@abspage=\count93
\c@Item=\count94
\c@Hfootnote=\count95
)

Package hyperref Message: Driver (autodetected): hpdftex.

("C:\Program Files\MiKTeX 2.9\tex\latex\hyperref\hpdftex.def"
File: hpdftex.def 2012/11/06 v6.83m Hyperref driver for pdfTeX
\Fld@listcount=\count96
\c@bookmark@seq@number=\count97

("C:\Program Files\MiKTeX 2.9\tex\latex\oberdiek\rerunfilecheck.sty"
Package: rerunfilecheck 2011/04/15 v1.7 Rerun checks for auxiliary files (HO)
Package uniquecounter Info: New unique counter `rerunfilecheck' on input line 2
82.
)
\Hy@SectionHShift=\skip43
)

Package hyperref Warning: Option `a4paper' is no longer used.

Package hyperref Info: Option `colorlinks' set `false' on input line 64.
Package hyperref Info: Option `bookmarksopen' set `false' on input line 64.
Package hyperref Info: Option `bookmarksnumbered' set `true' on input line 64.
("C:\Program Files\MiKTeX 2.9\tex\latex\multirow\multirow.sty"
\bigstrutjot=\dimen107
)
("C:\Program Files\MiKTeX 2.9\tex\latex\graphics\graphicx.sty"
Package: graphicx 1999/02/16 v1.0f Enhanced LaTeX Graphics (DPC,SPQR)

("C:\Program Files\MiKTeX 2.9\tex\latex\graphics\graphics.sty"
Package: graphics 2009/02/05 v1.0o Standard LaTeX Graphics (DPC,SPQR)

("C:\Program Files\MiKTeX 2.9\tex\latex\graphics\trig.sty"
Package: trig 1999/03/16 v1.09 sin cos tan (DPC)
)
("C:\Program Files\MiKTeX 2.9\tex\latex\00miktex\graphics.cfg"
File: graphics.cfg 2007/01/18 v1.5 graphics configuration of teTeX/TeXLive
)
Package graphics Info: Driver file: pdftex.def on input line 91.

("C:\Program Files\MiKTeX 2.9\tex\latex\pdftex-def\pdftex.def"
File: pdftex.def 2011/05/27 v0.06d Graphics/color for pdfTeX
\Gread@gobject=\count98
))
\Gin@req@height=\dimen108
\Gin@req@width=\dimen109
)
("C:\Program Files\MiKTeX 2.9\tex\latex\setspace\setspace.sty"
Package: setspace 2011/12/19 v6.7a set line spacing
)
("C:\Program Files\MiKTeX 2.9\tex\latex\geometry\geometry.sty"
Package: geometry 2010/09/12 v5.6 Page Geometry
\Gm@cnth=\count99
\Gm@cntv=\count100
\c@Gm@tempcnt=\count101
\Gm@bindingoffset=\dimen110
\Gm@wd@mp=\dimen111
\Gm@odd@mp=\dimen112
\Gm@even@mp=\dimen113
\Gm@layoutwidth=\dimen114
\Gm@layoutheight=\dimen115
\Gm@layouthoffset=\dimen116
\Gm@layoutvoffset=\dimen117
\Gm@dimlist=\toks15

("C:\Program Files\MiKTeX 2.9\tex\latex\geometry\geometry.cfg"))
("C:\Program Files\MiKTeX 2.9\tex\latex\caption\caption.sty"
Package: caption 2013/05/02 v3.3-89 Customizing captions (AR)

("C:\Program Files\MiKTeX 2.9\tex\latex\caption\caption3.sty"
Package: caption3 2013/05/02 v1.6-88 caption3 kernel (AR)
Package caption3 Info: TeX engine: e-TeX on input line 57.
\captionmargin=\dimen118
\captionmargin@=\dimen119
\captionwidth=\dimen120
\caption@tempdima=\dimen121
\caption@indent=\dimen122
\caption@parindent=\dimen123
\caption@hangindent=\dimen124
)
\c@ContinuedFloat=\count102
Package caption Info: hyperref package is loaded.
)
("C:\Users\Aldi Reinaldi\Documents\GitHub\TAmenoy\subfloat.sty"
Package: subfloat 2003/08/21 version 2.14

Package `subfloat', Version 2.14 of 2003/08/21.

Package subfloat Warning: Numbers of floats not counted:
(subfloat)                If you use one of the counters subfloatfiguremax or
(subfloat)                subfloattablemax you will get strange error messages
(subfloat)                containing \c@subfloatfiguremax or
(subfloat)                \c@subfloattablemax:
(subfloat)                Please switch on countmax or remove the code using
(subfloat)                the counter then..

) ("C:\Program Files\MiKTeX 2.9\tex\latex\pslatex\pslatex.sty"
Package: pslatex 1996/07/24 v1.2 pslatex emulation (DPC)
LaTeX Font Info:    Redeclaring symbol font `operators' on input line 65.
LaTeX Font Info:    Overwriting symbol font `operators' in version `normal'
(Font)                  OT1/cmr/m/n --> OT1/ptmcm/m/n on input line 65.
LaTeX Font Info:    Overwriting symbol font `operators' in version `bold'
(Font)                  OT1/cmr/bx/n --> OT1/ptmcm/m/n on input line 65.
LaTeX Font Info:    Redeclaring symbol font `letters' on input line 66.
LaTeX Font Info:    Overwriting symbol font `letters' in version `normal'
(Font)                  OML/cmm/m/it --> OML/ptmcm/m/it on input line 66.
LaTeX Font Info:    Overwriting symbol font `letters' in version `bold'
(Font)                  OML/cmm/b/it --> OML/ptmcm/m/it on input line 66.
LaTeX Font Info:    Redeclaring symbol font `symbols' on input line 67.
LaTeX Font Info:    Overwriting symbol font `symbols' in version `normal'
(Font)                  OMS/cmsy/m/n --> OMS/pzccm/m/n on input line 67.
LaTeX Font Info:    Overwriting symbol font `symbols' in version `bold'
(Font)                  OMS/cmsy/b/n --> OMS/pzccm/m/n on input line 67.
LaTeX Font Info:    Redeclaring symbol font `largesymbols' on input line 68.
LaTeX Font Info:    Overwriting symbol font `largesymbols' in version `normal'
(Font)                  OMX/cmex/m/n --> OMX/psycm/m/n on input line 68.
LaTeX Font Info:    Overwriting symbol font `largesymbols' in version `bold'
(Font)                  OMX/cmex/m/n --> OMX/psycm/m/n on input line 68.
\symbold=\mathgroup4
\symitalic=\mathgroup5
LaTeX Font Info:    Redeclaring math alphabet \mathbf on input line 74.
LaTeX Font Info:    Overwriting math alphabet `\mathbf' in version `normal'
(Font)                  OT1/cmr/bx/n --> OT1/ptm/bx/n on input line 74.
LaTeX Font Info:    Overwriting math alphabet `\mathbf' in version `bold'
(Font)                  OT1/cmr/bx/n --> OT1/ptm/bx/n on input line 74.
LaTeX Font Info:    Redeclaring math alphabet \mathit on input line 75.
LaTeX Font Info:    Overwriting math alphabet `\mathit' in version `normal'
(Font)                  OT1/cmr/m/it --> OT1/ptm/m/it on input line 75.
LaTeX Font Info:    Overwriting math alphabet `\mathit' in version `bold'
(Font)                  OT1/cmr/bx/it --> OT1/ptm/m/it on input line 75.
)
("C:\Program Files\MiKTeX 2.9\tex\latex\pdfpages\pdfpages.sty"
Package: pdfpages 2015/04/15 v0.4w Insert pages of external PDF documents (AM)

("C:\Program Files\MiKTeX 2.9\tex\latex\base\ifthen.sty"
Package: ifthen 2001/05/26 v1.1c Standard LaTeX ifthen package (DPC)
)
("C:\Program Files\MiKTeX 2.9\tex\latex\tools\calc.sty"
Package: calc 2007/08/22 v4.3 Infix arithmetic (KKT,FJ)
\calc@Acount=\count103
\calc@Bcount=\count104
\calc@Adimen=\dimen125
\calc@Bdimen=\dimen126
\calc@Askip=\skip44
\calc@Bskip=\skip45
LaTeX Info: Redefining \setlength on input line 76.
LaTeX Info: Redefining \addtolength on input line 77.
\calc@Ccount=\count105
\calc@Cskip=\skip46
)
("C:\Program Files\MiKTeX 2.9\tex\latex\eso-pic\eso-pic.sty"
Package: eso-pic 2013/10/06 v2.0d eso-pic (RN)

("C:\Program Files\MiKTeX 2.9\tex\latex\xcolor\xcolor.sty"
Package: xcolor 2007/01/21 v2.11 LaTeX color extensions (UK)

("C:\Program Files\MiKTeX 2.9\tex\latex\00miktex\color.cfg"
File: color.cfg 2007/01/18 v1.5 color configuration of teTeX/TeXLive
)
Package xcolor Info: Driver file: pdftex.def on input line 225.
Package xcolor Info: Model `cmy' substituted by `cmy0' on input line 1337.
Package xcolor Info: Model `hsb' substituted by `rgb' on input line 1341.
Package xcolor Info: Model `RGB' extended on input line 1353.
Package xcolor Info: Model `HTML' substituted by `rgb' on input line 1355.
Package xcolor Info: Model `Hsb' substituted by `hsb' on input line 1356.
Package xcolor Info: Model `tHsb' substituted by `hsb' on input line 1357.
Package xcolor Info: Model `HSB' substituted by `hsb' on input line 1358.
Package xcolor Info: Model `Gray' substituted by `gray' on input line 1359.
Package xcolor Info: Model `wave' substituted by `hsb' on input line 1360.
))
("C:\Program Files\MiKTeX 2.9\tex\latex\pdfpages\pppdftex.def"
File: pppdftex.def 2015/04/15 v0.4w Pdfpages driver for pdfTeX (AM)
)
\AM@pagebox=\box26
\AM@toc@title=\toks16
\c@AM@survey=\count106
\AM@templatesizebox=\box27
)
("C:\Users\Aldi Reinaldi\Documents\GitHub\TAmenoy\fncychap.sty"
Package: fncychap 2007/07/30 v1.34 LaTeX package (Revised chapters)
\RW=\skip47
\mylen=\skip48
\myhi=\skip49
\px=\skip50
\py=\skip51
\pyy=\skip52
\pxx=\skip53
)
("C:\Program Files\MiKTeX 2.9\tex\latex\colortbl\colortbl.sty"
Package: colortbl 2012/02/13 v1.0a Color table columns (DPC)

("C:\Program Files\MiKTeX 2.9\tex\latex\tools\array.sty"
Package: array 2008/09/09 v2.4c Tabular extension package (FMi)
\col@sep=\dimen127
\extrarowheight=\dimen128
\NC@list=\toks17
\extratabsurround=\skip54
\backup@length=\skip55
)
\everycr=\toks18
\minrowclearance=\skip56
)
("C:\Program Files\MiKTeX 2.9\tex\latex\float\float.sty"
Package: float 2001/11/08 v1.3d Float enhancements (AL)
\c@float@type=\count107
\float@exts=\toks19
\float@box=\box28
\@float@everytoks=\toks20
\@floatcapt=\box29
)
("C:\Users\Aldi Reinaldi\Documents\GitHub\TAmenoy\fontenc.sty"
Package: fontenc 2005/09/27 v1.99g Standard LaTeX package

("C:\Program Files\MiKTeX 2.9\tex\latex\base\t1enc.def"
File: t1enc.def 2005/09/27 v1.99g Standard LaTeX file
LaTeX Font Info:    Redeclaring font encoding T1 on input line 43.
))
("C:\Program Files\MiKTeX 2.9\tex\latex\fancyhdr\fancyhdr.sty"
\fancy@headwidth=\skip57
\f@ncyO@elh=\skip58
\f@ncyO@erh=\skip59
\f@ncyO@olh=\skip60
\f@ncyO@orh=\skip61
\f@ncyO@elf=\skip62
\f@ncyO@erf=\skip63
\f@ncyO@olf=\skip64
\f@ncyO@orf=\skip65
)
("C:\Program Files\MiKTeX 2.9\tex\latex\listings\listings.sty"
\lst@mode=\count108
\lst@gtempboxa=\box30
\lst@token=\toks21
\lst@length=\count109
\lst@currlwidth=\dimen129
\lst@column=\count110
\lst@pos=\count111
\lst@lostspace=\dimen130
\lst@width=\dimen131
\lst@newlines=\count112
\lst@lineno=\count113
\lst@maxwidth=\dimen132

("C:\Program Files\MiKTeX 2.9\tex\latex\listings\lstmisc.sty"
File: lstmisc.sty 2014/09/06 1.5e (Carsten Heinz)
\c@lstnumber=\count114
\lst@skipnumbers=\count115
\lst@framebox=\box31
)
("C:\Program Files\MiKTeX 2.9\tex\latex\listings\listings.cfg"
File: listings.cfg 2014/09/06 1.5e listings configuration
))
Package: listings 2014/09/06 1.5e (Carsten Heinz)

("C:\Program Files\MiKTeX 2.9\tex\latex\listings\lstlang1.sty"
File: lstlang1.sty 2014/09/06 1.5e listings language file
)
("C:\Program Files\MiKTeX 2.9\tex\latex\listings\lstmisc.sty"
File: lstmisc.sty 2014/09/06 1.5e (Carsten Heinz)
)
("C:\Program Files\MiKTeX 2.9\tex\latex\fancyvrb\fancyvrb.sty"
Package: fancyvrb 2008/02/07

Style option: `fancyvrb' v2.7a, with DG/SPQR fixes, and firstline=lastline fix 
<2008/02/07> (tvz)
\FV@CodeLineNo=\count116
\FV@InFile=\read1
\FV@TabBox=\box32
\c@FancyVerbLine=\count117
\FV@StepNumber=\count118
\FV@OutFile=\write3
) ("C:\Program Files\MiKTeX 2.9\tex\latex\tools\hhline.sty"
Package: hhline 1994/05/23 v2.03 Table rule package (DPC)
)
("C:\Program Files\MiKTeX 2.9\tex\latex\oberdiek\pdflscape.sty"
Package: pdflscape 2008/08/11 v0.10 Display of landscape pages in PDF (HO)

("C:\Program Files\MiKTeX 2.9\tex\latex\graphics\lscape.sty"
Package: lscape 2000/10/22 v3.01 Landscape Pages (DPC)
)
Package pdflscape Info: Auto-detected driver: pdftex on input line 80.
))
("C:\Program Files\MiKTeX 2.9\tex\latex\tools\longtable.sty"
Package: longtable 2004/02/01 v4.11 Multi-page Table package (DPC)
\LTleft=\skip66
\LTright=\skip67
\LTpre=\skip68
\LTpost=\skip69
\LTchunksize=\count119
\LTcapwidth=\dimen133
\LT@head=\box33
\LT@firsthead=\box34
\LT@foot=\box35
\LT@lastfoot=\box36
\LT@cols=\count120
\LT@rows=\count121
\c@LT@tables=\count122
\c@LT@chunks=\count123
\LT@p@ftn=\toks22
)
("C:\Program Files\MiKTeX 2.9\tex\latex\natbib\natbib.sty"
Package: natbib 2010/09/13 8.31b (PWD, AO)
\bibhang=\skip70
\bibsep=\skip71
LaTeX Info: Redefining \cite on input line 694.
\c@NAT@ctr=\count124
)
("C:\Program Files\MiKTeX 2.9\tex\latex\import\import.sty"
Package: import 2009/03/23  v 5.1
)
("C:\Program Files\MiKTeX 2.9\tex\latex\enumitem\enumitem.sty"
Package: enumitem 2011/09/28 v3.5.2 Customized lists
\labelindent=\skip72
\enit@outerparindent=\dimen134
\enit@toks=\toks23
\enit@inbox=\box37
\enitdp@description=\count125
)
("C:\Program Files\MiKTeX 2.9\tex\latex\adjustbox\adjustbox.sty"
Package: adjustbox 2012/05/21 v1.0 Adjusting TeX boxes (trim, clip, ...)

("C:\Program Files\MiKTeX 2.9\tex\latex\xkeyval\xkeyval.sty"
Package: xkeyval 2012/10/14 v2.6b package option processing (HA)

("C:\Program Files\MiKTeX 2.9\tex\generic\xkeyval\xkeyval.tex"
\XKV@toks=\toks24
\XKV@tempa@toks=\toks25
\XKV@depth=\count126
File: xkeyval.tex 2012/10/14 v2.6b key=value parser (HA)
))
("C:\Program Files\MiKTeX 2.9\tex\latex\adjustbox\adjcalc.sty"
Package: adjcalc 2012/05/16 v1.1 Provides advanced setlength with multiple back
-ends (calc, etex, pgfmath)
)
("C:\Program Files\MiKTeX 2.9\tex\latex\adjustbox\trimclip.sty"
Package: trimclip 2012/05/16 v1.0 Trim and clip general TeX material

("C:\Program Files\MiKTeX 2.9\tex\latex\collectbox\collectbox.sty"
Package: collectbox 2012/05/17 v0.4b Collect macro arguments as boxes
\collectedbox=\box38
)
\tc@llx=\dimen135
\tc@lly=\dimen136
\tc@urx=\dimen137
\tc@ury=\dimen138
Package trimclip Info: Using driver 'tc-pdftex.def'.

("C:\Program Files\MiKTeX 2.9\tex\latex\adjustbox\tc-pdftex.def"
File: tc-pdftex.def 2012/05/13 v1.0 Clipping driver for pdftex
))
\adjbox@Width=\dimen139
\adjbox@Height=\dimen140
\adjbox@Depth=\dimen141
\adjbox@Totalheight=\dimen142

("C:\Program Files\MiKTeX 2.9\tex\latex\ifoddpage\ifoddpage.sty"
Package: ifoddpage 2011/09/13 v1.0 Conditionals for odd/even page detection
\c@checkoddpage=\count127
)
("C:\Program Files\MiKTeX 2.9\tex\latex\ltxmisc\varwidth.sty"
Package: varwidth 2009/03/30 ver 0.92;  Variable-width minipages
\@vwid@box=\box39
\sift@deathcycles=\count128
\@vwid@loff=\dimen143
\@vwid@roff=\dimen144
))
("C:\Program Files\MiKTeX 2.9\tex\latex\amsmath\amsmath.sty"
Package: amsmath 2013/01/14 v2.14 AMS math features
\@mathmargin=\skip73

For additional information on amsmath, use the `?' option.
("C:\Program Files\MiKTeX 2.9\tex\latex\amsmath\amstext.sty"
Package: amstext 2000/06/29 v2.01

("C:\Program Files\MiKTeX 2.9\tex\latex\amsmath\amsgen.sty"
File: amsgen.sty 1999/11/30 v2.0
\@emptytoks=\toks26
\ex@=\dimen145
))
("C:\Program Files\MiKTeX 2.9\tex\latex\amsmath\amsbsy.sty"
Package: amsbsy 1999/11/29 v1.2d
\pmbraise@=\dimen146
)
("C:\Program Files\MiKTeX 2.9\tex\latex\amsmath\amsopn.sty"
Package: amsopn 1999/12/14 v2.01 operator names
)
\inf@bad=\count129
LaTeX Info: Redefining \frac on input line 210.
\uproot@=\count130
\leftroot@=\count131
LaTeX Info: Redefining \overline on input line 306.
\classnum@=\count132
\DOTSCASE@=\count133
LaTeX Info: Redefining \ldots on input line 378.
LaTeX Info: Redefining \dots on input line 381.
LaTeX Info: Redefining \cdots on input line 466.
\Mathstrutbox@=\box40
\strutbox@=\box41
\big@size=\dimen147
LaTeX Font Info:    Redeclaring font encoding OML on input line 566.
LaTeX Font Info:    Redeclaring font encoding OMS on input line 567.
\macc@depth=\count134
\c@MaxMatrixCols=\count135
\dotsspace@=\muskip11
\c@parentequation=\count136
\dspbrk@lvl=\count137
\tag@help=\toks27
\row@=\count138
\column@=\count139
\maxfields@=\count140
\andhelp@=\toks28
\eqnshift@=\dimen148
\alignsep@=\dimen149
\tagshift@=\dimen150
\tagwidth@=\dimen151
\totwidth@=\dimen152
\lineht@=\dimen153
\@envbody=\toks29
\multlinegap=\skip74
\multlinetaggap=\skip75
\mathdisplay@stack=\toks30
LaTeX Info: Redefining \[ on input line 2665.
LaTeX Info: Redefining \] on input line 2666.
)
("C:\Users\Aldi Reinaldi\Documents\GitHub\TAmenoy\laporan_setting.tex")
\@input{hype.indonesia.aux}
("C:\Users\Aldi Reinaldi\Documents\GitHub\TAmenoy\hype.indonesia.tex")
("C:\Users\Aldi Reinaldi\Documents\GitHub\TAmenoy\istilah.tex")
("C:\Users\Aldi Reinaldi\Documents\GitHub\TAmenoy\skripsi.aux"
("C:\Users\Aldi Reinaldi\Documents\GitHub\TAmenoy\sampul.aux")
("C:\Users\Aldi Reinaldi\Documents\GitHub\TAmenoy\judul_dalam.aux")
("C:\Users\Aldi Reinaldi\Documents\GitHub\TAmenoy\bab1-pendahuluan.aux")
("C:\Users\Aldi Reinaldi\Documents\GitHub\TAmenoy\bab2-tinjauan-pustaka.aux")
("C:\Users\Aldi Reinaldi\Documents\GitHub\TAmenoy\bab3-metodologi-penelitian.au
x")
("C:\Users\Aldi Reinaldi\Documents\GitHub\TAmenoy\bab4-analisis-dan-pembahasan.
aux"

LaTeX Warning: Label `tab:descgq' multiply defined.

))
LaTeX Font Info:    Checking defaults for OML/cmm/m/it on input line 39.
LaTeX Font Info:    ... okay on input line 39.
LaTeX Font Info:    Checking defaults for T1/cmr/m/n on input line 39.
LaTeX Font Info:    ... okay on input line 39.
LaTeX Font Info:    Checking defaults for OT1/cmr/m/n on input line 39.
LaTeX Font Info:    ... okay on input line 39.
LaTeX Font Info:    Checking defaults for OMS/pzccm/m/n on input line 39.
LaTeX Font Info:    Try loading font information for OMS+pzccm on input line 39
.
 ("C:\Program Files\MiKTeX 2.9\tex\latex\psnfss\omspzccm.fd"
File: omspzccm.fd 2000/01/03 Fontinst v1.801 font definitions for OMS/pzccm.
)
LaTeX Font Info:    ... okay on input line 39.
LaTeX Font Info:    Checking defaults for OMX/cmex/m/n on input line 39.
LaTeX Font Info:    ... okay on input line 39.
LaTeX Font Info:    Checking defaults for U/cmr/m/n on input line 39.
LaTeX Font Info:    ... okay on input line 39.
LaTeX Font Info:    Checking defaults for PD1/pdf/m/n on input line 39.
LaTeX Font Info:    ... okay on input line 39.
\AtBeginShipoutBox=\box42
Package hyperref Info: Link coloring OFF on input line 39.

("C:\Program Files\MiKTeX 2.9\tex\latex\hyperref\nameref.sty"
Package: nameref 2012/10/27 v2.43 Cross-referencing by name of section

("C:\Program Files\MiKTeX 2.9\tex\generic\oberdiek\gettitlestring.sty"
Package: gettitlestring 2010/12/03 v1.4 Cleanup title references (HO)
)
\c@section@level=\count141
)
LaTeX Info: Redefining \ref on input line 39.
LaTeX Info: Redefining \pageref on input line 39.
LaTeX Info: Redefining \nameref on input line 39.

("C:\Users\Aldi Reinaldi\Documents\GitHub\TAmenoy\skripsi.out")
("C:\Users\Aldi Reinaldi\Documents\GitHub\TAmenoy\skripsi.out")
\@outlinefile=\write4

("C:\Program Files\MiKTeX 2.9\tex\context\base\supp-pdf.mkii"
[Loading MPS to PDF converter (version 2006.09.02).]
\scratchcounter=\count142
\scratchdimen=\dimen154
\scratchbox=\box43
\nofMPsegments=\count143
\nofMParguments=\count144
\everyMPshowfont=\toks31
\MPscratchCnt=\count145
\MPscratchDim=\dimen155
\MPnumerator=\count146
\makeMPintoPDFobject=\count147
\everyMPtoPDFconversion=\toks32
)
*geometry* driver: auto-detecting
*geometry* detected driver: pdftex
*geometry* verbose mode - [ preamble ] result:
* driver: pdftex
* paper: a4paper
* layout: <same size as paper>
* layoutoffset:(h,v)=(0.0pt,0.0pt)
* modes: 
* h-part:(L,W,R)=(113.81102pt, 398.3386pt, 85.35826pt)
* v-part:(T,H,B)=(85.35826pt, 674.33032pt, 85.35826pt)
* \paperwidth=597.50787pt
* \paperheight=845.04684pt
* \textwidth=398.3386pt
* \textheight=674.33032pt
* \oddsidemargin=41.54103pt
* \evensidemargin=41.54103pt
* \topmargin=-11.91173pt
* \headheight=0.0pt
* \headsep=25.0pt
* \topskip=12.0pt
* \footskip=30.0pt
* \marginparwidth=35.0pt
* \marginparsep=10.0pt
* \columnsep=10.0pt
* \skip\footins=10.8pt plus 4.0pt minus 2.0pt
* \hoffset=0.0pt
* \voffset=0.0pt
* \mag=1000
* \@twocolumnfalse
* \@twosidefalse
* \@mparswitchfalse
* \@reversemarginfalse
* (1in=72.27pt=25.4mm, 1cm=28.453pt)

Package caption Info: Begin \AtBeginDocument code.
Package caption Info: float package is loaded.
Package caption Info: listings package is loaded.
Package caption Info: longtable package is loaded.
("C:\Program Files\MiKTeX 2.9\tex\latex\caption\ltcaption.sty"
Package: ltcaption 2013/02/03 v1.3-62 longtable captions (AR)
)
Package caption Info: End \AtBeginDocument code.
\c@lstlisting=\count148

("C:\Users\Aldi Reinaldi\Documents\GitHub\TAmenoy\sampul.tex"
<pics/makara.png, id=255, 154.86429pt x 154.34807pt>
File: pics/makara.png Graphic file (type png)
 <use pics/makara.png>
Package pdftex.def Info: pics/makara.png used on input line 14.
(pdftex.def)             Requested size: 71.13188pt x 70.89497pt.
LaTeX Font Info:    Font shape `T1/ptm/bx/n' in size <12> not available
(Font)              Font shape `T1/ptm/b/n' tried instead on input line 20.
LaTeX Font Info:    Font shape `T1/ptm/bx/it' in size <12> not available
(Font)              Font shape `T1/ptm/b/it' tried instead on input line 24.

[1




{C:/ProgramData/MiKTeX/2.9/pdftex/config/pdftex.map} <C:/Users/Aldi Reinaldi/Do
cuments/GitHub/TAmenoy/pics/makara.png>])
("C:\Users\Aldi Reinaldi\Documents\GitHub\TAmenoy\judul_dalam.tex"
File: pics/makara.png Graphic file (type png)

<use pics/makara.png>
Package pdftex.def Info: pics/makara.png used on input line 12.
(pdftex.def)             Requested size: 71.13188pt x 70.89497pt.
 [1


])
LaTeX Font Info:    Font shape `T1/ptm/bx/n' in size <14.4> not available
(Font)              Font shape `T1/ptm/b/n' tried instead on input line 89.

("C:\Users\Aldi Reinaldi\Documents\GitHub\TAmenoy\skripsi.toc"
LaTeX Font Info:    Try loading font information for OT1+ptmcm on input line 7.


("C:\Program Files\MiKTeX 2.9\tex\latex\psnfss\ot1ptmcm.fd"
File: ot1ptmcm.fd 2000/01/03 Fontinst v1.801 font definitions for OT1/ptmcm.
)
LaTeX Font Info:    Try loading font information for OML+ptmcm on input line 7.


("C:\Program Files\MiKTeX 2.9\tex\latex\psnfss\omlptmcm.fd"
File: omlptmcm.fd 2000/01/03 Fontinst v1.801 font definitions for OML/ptmcm.
)
LaTeX Font Info:    Try loading font information for OMX+psycm on input line 7.


("C:\Program Files\MiKTeX 2.9\tex\latex\psnfss\omxpsycm.fd"
File: omxpsycm.fd 2000/01/03 Fontinst v1.801 font definitions for OMX/psycm.
)
LaTeX Font Info:    Font shape `OT1/ptm/bx/n' in size <12> not available
(Font)              Font shape `OT1/ptm/b/n' tried instead on input line 7.
LaTeX Font Info:    Font shape `OT1/ptm/bx/n' in size <9> not available
(Font)              Font shape `OT1/ptm/b/n' tried instead on input line 7.
LaTeX Font Info:    Font shape `OT1/ptm/bx/n' in size <7> not available
(Font)              Font shape `OT1/ptm/b/n' tried instead on input line 7.
 [2


])
\tf@toc=\write5


Package Fancyhdr Warning: \headheight is too small (0.0pt): 
 Make it at least 14.49998pt.
 We now make it that large for the rest of the document.
 This may cause the page layout to be inconsistent, however.

LaTeX Font Info:    Font shape `T1/ptm/bx/n' in size <10> not available
(Font)              Font shape `T1/ptm/b/n' tried instead on input line 90.
LaTeX Font Info:    Font shape `T1/phv/bx/n' in size <10> not available
(Font)              Font shape `T1/phv/b/n' tried instead on input line 90.
LaTeX Font Info:    Font shape `T1/phv/b/n' will be
(Font)              scaled to size 8.99994pt on input line 90.
[3] ("C:\Users\Aldi Reinaldi\Documents\GitHub\TAmenoy\skripsi.lof")
\tf@lof=\write6
 [4


]
("C:\Users\Aldi Reinaldi\Documents\GitHub\TAmenoy\skripsi.lot"
Underfull \hbox (badness 2564) in paragraph at lines 3--3
 [][] [][]\T1/ptm/m/n/12 Pemetaan kri-te-ria \T1/ptm/m/it/12 e-government \T1/p
tm/m/n/12 ter-hadap kom-po-nen \T1/ptm/m/it/12 usa-bi-lity 
 []

)
\tf@lot=\write7
 [5


] ("C:\Users\Aldi Reinaldi\Documents\GitHub\TAmenoy\skripsi.lol")
\tf@lol=\write8
 [6


]
("C:\Users\Aldi Reinaldi\Documents\GitHub\TAmenoy\bab1-pendahuluan.tex"
BAB 1.

Package hyperref Warning: Token not allowed in a PDF string (PDFDocEncoding):
(hyperref)                removing `\uppercase' on input line 2.


Underfull \hbox (badness 10000) in paragraph at lines 10--20

 []


Underfull \hbox (badness 1946) in paragraph at lines 10--20
\T1/ptm/m/n/12 Perkembangan teknologi in-for-masi dan ko-mu-nikasi akan mem-buk
a pelu-ang
 []


Underfull \hbox (badness 1205) in paragraph at lines 10--20
\T1/ptm/m/n/12 dan tan-ta-n-gan un-tuk men-cip-takan, men-gak-ses, men-go-lah d
an me-man-faatkan
 []


Underfull \hbox (badness 10000) in paragraph at lines 10--20

 []


Underfull \hbox (badness 3601) in paragraph at lines 10--20
\T1/ptm/m/n/12 Penyediaan in-for-masi ten-tunya tidak hanya di-lakukan oleh ora
ng ter-tentu
 []


Underfull \hbox (badness 10000) in paragraph at lines 10--20

 []


Underfull \hbox (badness 1953) in paragraph at lines 10--20
\T1/ptm/m/n/12 Bersama de-ngan perkem-ban-gan in-for-masi, masyarakat me-nun-tu
t pe-me-rin-tah
 []


Underfull \hbox (badness 10000) in paragraph at lines 10--20

 []


Underfull \hbox (badness 1297) in paragraph at lines 10--20
\T1/ptm/m/n/12 Penggunaan \T1/ptm/m/it/12 web-site \T1/ptm/m/n/12 dari di-rek-t
orat jen-deral pa-jak ini sa-ngat pen-ting dalam
 []

pdfTeX warning (ext4): destination with the same identifier (name{page.1}) has 
been already used, duplicate ignored
<to be read again> 
                   \relax 
l.20 \section
             {Perumusan Masalah} [1



]
Underfull \hbox (badness 10000) in paragraph at lines 27--31

 []


Underfull \hbox (badness 1253) in paragraph at lines 35--36
[]\T1/ptm/m/n/12 Mengembangkan \T1/ptm/m/it/12 pro-to-type \T1/ptm/m/n/12 se-ba
-gai ben-tuk ma-sukkan un-tuk \T1/ptm/m/it/12 web-site e-
 []


Package Fancyhdr Warning: \headheight is too small (0.0pt): 
 Make it at least 14.49998pt.
 We now make it that large for the rest of the document.
 This may cause the page layout to be inconsistent, however.

[2]
Underfull \hbox (badness 1902) in paragraph at lines 50--52
\T1/ptm/m/n/12 Bab ini men-je-laskan me-nge-nai metodologi peneli-tian yang di-
lakukan,
 []


Package Fancyhdr Warning: \headheight is too small (0.0pt): 
 Make it at least 14.49998pt.
 We now make it that large for the rest of the document.
 This may cause the page layout to be inconsistent, however.

[3])

Package Fancyhdr Warning: \headheight is too small (0.0pt): 
 Make it at least 14.49998pt.
 We now make it that large for the rest of the document.
 This may cause the page layout to be inconsistent, however.

[4] ("C:\Users\Aldi Reinaldi\Documents\GitHub\TAmenoy\bab2-tinjauan-pustaka.tex
"
BAB 2.

Package hyperref Warning: Token not allowed in a PDF string (PDFDocEncoding):
(hyperref)                removing `\uppercase' on input line 2.

LaTeX Font Info:    Font shape `T1/ptm/bx/it' in size <14.4> not available
(Font)              Font shape `T1/ptm/b/it' tried instead on input line 9.

Underfull \hbox (badness 10000) in paragraph at lines 13--18

 []

[5



]
Underfull \hbox (badness 1616) in paragraph at lines 28--33
\T1/ptm/m/it/12 Usability \T1/ptm/m/n/12 adalah kua-li-tas yang men-jadi pe-ni-
la-ian bagaimana su-atu tampi-lan
 []


Underfull \hbox (badness 10000) in paragraph at lines 28--33

 []


Underfull \hbox (badness 3536) in paragraph at lines 28--33
\T1/ptm/m/n/12 menge-mukakan bahwa ter-da-pat 5 kom-po-nen utama terkait usa-bi
-lity yang
 []


Package Fancyhdr Warning: \headheight is too small (0.0pt): 
 Make it at least 14.49998pt.
 We now make it that large for the rest of the document.
 This may cause the page layout to be inconsistent, however.

[6]
Underfull \hbox (badness 1331) in paragraph at lines 51--53
\T1/ptm/m/it/12 Match be-tween sys-tem and the real world \T1/ptm/m/n/12 men-je
-laskan bahwa sis-tem
 []


Package Fancyhdr Warning: \headheight is too small (0.0pt): 
 Make it at least 14.49998pt.
 We now make it that large for the rest of the document.
 This may cause the page layout to be inconsistent, however.

[7]

Package Fancyhdr Warning: \headheight is too small (0.0pt): 
 Make it at least 14.49998pt.
 We now make it that large for the rest of the document.
 This may cause the page layout to be inconsistent, however.

[8]
Underfull \hbox (badness 10000) in paragraph at lines 72--75

 []


Package Fancyhdr Warning: \headheight is too small (0.0pt): 
 Make it at least 14.49998pt.
 We now make it that large for the rest of the document.
 This may cause the page layout to be inconsistent, however.

[9]
Underfull \hbox (badness 2073) in paragraph at lines 93--94
\T1/ptm/m/n/12 tung akan in-for-masi yang dise-di-akan. Tam-ba-han lain-nya, in
-for-masi
 []


Underfull \hbox (badness 2065) in paragraph at lines 95--96
\T1/ptm/m/n/12 masyarakat, hal ini fun-da-men-tal un-tuk men-cip-takan keper-ca
yaan dari
 []


Package Fancyhdr Warning: \headheight is too small (0.0pt): 
 Make it at least 14.49998pt.
 We now make it that large for the rest of the document.
 This may cause the page layout to be inconsistent, however.

[10]

LaTeX Warning: Reference `tab:mapgov' on page 11 undefined on input line 98.

<pics/mappinggq.PNG, id=635, 502.12593pt x 345.54094pt>
File: pics/mappinggq.PNG Graphic file (type png)

<use pics/mappinggq.PNG>
Package pdftex.def Info: pics/mappinggq.PNG used on input line 105.
(pdftex.def)             Requested size: 398.3386pt x 274.1343pt.

Overfull \hbox (12.0pt too wide) in paragraph at lines 103--107
 [][] 
 []


Package Fancyhdr Warning: \headheight is too small (0.0pt): 
 Make it at least 14.49998pt.
 We now make it that large for the rest of the document.
 This may cause the page layout to be inconsistent, however.

[11 <C:/Users/Aldi Reinaldi/Documents/GitHub/TAmenoy/pics/mappinggq.PNG>]
Underfull \hbox (badness 10000) in paragraph at lines 117--120

 []

<pics/storyboard.PNG, id=650, 377.91188pt x 319.1925pt>
File: pics/storyboard.PNG Graphic file (type png)

<use pics/storyboard.PNG>
Package pdftex.def Info: pics/storyboard.PNG used on input line 124.
(pdftex.def)             Requested size: 398.3386pt x 336.44781pt.


Package Fancyhdr Warning: \headheight is too small (0.0pt): 
 Make it at least 14.49998pt.
 We now make it that large for the rest of the document.
 This may cause the page layout to be inconsistent, however.

[12]
LaTeX Font Info:    Font shape `T1/ptm/bx/n' in size <10.95> not available
(Font)              Font shape `T1/ptm/b/n' tried instead on input line 129.


Package natbib Warning: Citation `buku' on page 13 undefined on input line 129.



Package natbib Warning: Citation `preece' on page 13 undefined on input line 12
9.

<pics/simplesketch.PNG, id=657, 485.56406pt x 200.24812pt>
File: pics/simplesketch.PNG Graphic file (type png)

<use pics/simplesketch.PNG>
Package pdftex.def Info: pics/simplesketch.PNG used on input line 135.
(pdftex.def)             Requested size: 398.3386pt x 164.2748pt.


Package natbib Warning: Citation `buku' on page 13 undefined on input line 140.



Package natbib Warning: Citation `preece' on page 13 undefined on input line 14
0.


Package Fancyhdr Warning: \headheight is too small (0.0pt): 
 Make it at least 14.49998pt.
 We now make it that large for the rest of the document.
 This may cause the page layout to be inconsistent, however.

[13 <C:/Users/Aldi Reinaldi/Documents/GitHub/TAmenoy/pics/storyboard.PNG> <C:/U
sers/Aldi Reinaldi/Documents/GitHub/TAmenoy/pics/simplesketch.PNG>])

Package Fancyhdr Warning: \headheight is too small (0.0pt): 
 Make it at least 14.49998pt.
 We now make it that large for the rest of the document.
 This may cause the page layout to be inconsistent, however.

[14]
("C:\Users\Aldi Reinaldi\Documents\GitHub\TAmenoy\bab3-metodologi-penelitian.te
x"
BAB 3.

Package hyperref Warning: Token not allowed in a PDF string (PDFDocEncoding):
(hyperref)                removing `\uppercase' on input line 2.

[15



]

Package Fancyhdr Warning: \headheight is too small (0.0pt): 
 Make it at least 14.49998pt.
 We now make it that large for the rest of the document.
 This may cause the page layout to be inconsistent, however.

[16]
LaTeX Font Info:    Font shape `OMS/ptm/m/n' in size <12> not available
(Font)              Font shape `OMS/pzccm/m/n' tried instead on input line 37.

Underfull \hbox (badness 6725) in paragraph at lines 39--40
[]\T1/ptm/m/n/12 Penulis se-laku pen-guji mem-be-baskan kepada re-spon-den un-t
uk
 []


Underfull \hbox (badness 5133) in paragraph at lines 44--47
\T1/ptm/m/n/12 Pada tahap ini di-ten-tukan per-si-a-pan un-tuk melak-sanakan pe
neli-tian
 []


Package Fancyhdr Warning: \headheight is too small (0.0pt): 
 Make it at least 14.49998pt.
 We now make it that large for the rest of the document.
 This may cause the page layout to be inconsistent, however.

[17]
Underfull \hbox (badness 10000) in paragraph at lines 69--73

 []


Underfull \hbox (badness 3679) in paragraph at lines 69--73
\T1/ptm/m/n/12 Untuk melak-sanakan pen-gu-jian ter-hadap \T1/ptm/m/it/12 web-si
te e=government\T1/ptm/m/n/12 , di-ran-cang
 []


Package Fancyhdr Warning: \headheight is too small (0.0pt): 
 Make it at least 14.49998pt.
 We now make it that large for the rest of the document.
 This may cause the page layout to be inconsistent, however.

[18]
Underfull \hbox (badness 1168) in paragraph at lines 109--109
[]|\T1/ptm/m/n/12 Informasi tam-ba-han (fi-tur help/-FAQ) mem-buat saya mengert
i
 []


Package Fancyhdr Warning: \headheight is too small (0.0pt): 
 Make it at least 14.49998pt.
 We now make it that large for the rest of the document.
 This may cause the page layout to be inconsistent, however.

[19]

Package Fancyhdr Warning: \headheight is too small (0.0pt): 
 Make it at least 14.49998pt.
 We now make it that large for the rest of the document.
 This may cause the page layout to be inconsistent, however.

[20]

Package Fancyhdr Warning: \headheight is too small (0.0pt): 
 Make it at least 14.49998pt.
 We now make it that large for the rest of the document.
 This may cause the page layout to be inconsistent, however.

[21]

Package Fancyhdr Warning: \headheight is too small (0.0pt): 
 Make it at least 14.49998pt.
 We now make it that large for the rest of the document.
 This may cause the page layout to be inconsistent, however.

[22]

Package Fancyhdr Warning: \headheight is too small (0.0pt): 
 Make it at least 14.49998pt.
 We now make it that large for the rest of the document.
 This may cause the page layout to be inconsistent, however.

[23]

LaTeX Warning: `h' float specifier changed to `ht'.


Package natbib Warning: Citation `paper.jason' on page 24 undefined on input li
ne 243.


Package Fancyhdr Warning: \headheight is too small (0.0pt): 
 Make it at least 14.49998pt.
 We now make it that large for the rest of the document.
 This may cause the page layout to be inconsistent, however.

[24]
Underfull \hbox (badness 10000) in paragraph at lines 246--249

 []


Underfull \hbox (badness 1406) in paragraph at lines 246--249
\T1/ptm/m/n/12 Suatu be-saran statis-tik yang me-nun-jukan kemiringan data dise
-but \T1/ptm/m/it/12 skew-ness\T1/ptm/m/n/12 ,
 []


Package Fancyhdr Warning: \headheight is too small (0.0pt): 
 Make it at least 14.49998pt.
 We now make it that large for the rest of the document.
 This may cause the page layout to be inconsistent, however.

[25] <pics/histogram-normal.png, id=789, 428.35031pt x 278.54062pt>
File: pics/histogram-normal.png Graphic file (type png)

<use pics/histogram-normal.png>
Package pdftex.def Info: pics/histogram-normal.png used on input line 263.
(pdftex.def)             Requested size: 179.25114pt x 116.56123pt.

<pics/normal-distribution.png, id=790, 395.22656pt x 192.72pt>
File: pics/normal-distribution.png Graphic file (type png)

<use pics/normal-distribution.png>
Package pdftex.def Info: pics/normal-distribution.png used on input line 270.
(pdftex.def)             Requested size: 179.25114pt x 87.40543pt.


Package Fancyhdr Warning: \headheight is too small (0.0pt): 
 Make it at least 14.49998pt.
 We now make it that large for the rest of the document.
 This may cause the page layout to be inconsistent, however.

[26 <C:/Users/Aldi Reinaldi/Documents/GitHub/TAmenoy/pics/histogram-normal.png>
 <C:/Users/Aldi Reinaldi/Documents/GitHub/TAmenoy/pics/normal-distribution.png>
]

Package Fancyhdr Warning: \headheight is too small (0.0pt): 
 Make it at least 14.49998pt.
 We now make it that large for the rest of the document.
 This may cause the page layout to be inconsistent, however.

[27])

Package Fancyhdr Warning: \headheight is too small (0.0pt): 
 Make it at least 14.49998pt.
 We now make it that large for the rest of the document.
 This may cause the page layout to be inconsistent, however.

[28]
("C:\Users\Aldi Reinaldi\Documents\GitHub\TAmenoy\bab4-analisis-dan-pembahasan.
tex"
BAB 4.

Package hyperref Warning: Token not allowed in a PDF string (PDFDocEncoding):
(hyperref)                removing `\uppercase' on input line 2.

<pics/jenisKelamin.PNG, id=830, 436.63126pt x 255.20343pt>
File: pics/jenisKelamin.PNG Graphic file (type png)

<use pics/jenisKelamin.PNG>
Package pdftex.def Info: pics/jenisKelamin.PNG used on input line 11.
(pdftex.def)             Requested size: 358.50632pt x 207.14978pt.

<pics/pekerjaan.PNG, id=833, 436.63126pt x 258.21469pt>
File: pics/pekerjaan.PNG Graphic file (type png)

<use pics/pekerjaan.PNG>
Package pdftex.def Info: pics/pekerjaan.PNG used on input line 20.
(pdftex.def)             Requested size: 358.50632pt x 207.14333pt.
 [29



 <C:/Users/Aldi Reinaldi/Documents/GitHub/TAmenoy/pics/jenisKelamin.PNG>]
<pics/rentangUsia.PNG, id=839, 438.13687pt x 258.21469pt>
File: pics/rentangUsia.PNG Graphic file (type png)

<use pics/rentangUsia.PNG>
Package pdftex.def Info: pics/rentangUsia.PNG used on input line 27.
(pdftex.def)             Requested size: 358.50572pt x 207.14333pt.

<pics/lamakomputer.PNG, id=841, 441.14813pt x 258.21469pt>
File: pics/lamakomputer.PNG Graphic file (type png)

<use pics/lamakomputer.PNG>
Package pdftex.def Info: pics/lamakomputer.PNG used on input line 36.
(pdftex.def)             Requested size: 358.51947pt x 207.14333pt.


Package Fancyhdr Warning: \headheight is too small (0.0pt): 
 Make it at least 14.49998pt.
 We now make it that large for the rest of the document.
 This may cause the page layout to be inconsistent, however.

[30 <C:/Users/Aldi Reinaldi/Documents/GitHub/TAmenoy/pics/pekerjaan.PNG> <C:/Us
ers/Aldi Reinaldi/Documents/GitHub/TAmenoy/pics/rentangUsia.PNG>]
<pics/pengalamanInternet.PNG, id=850, 437.38406pt x 257.46187pt>
File: pics/pengalamanInternet.PNG Graphic file (type png)

<use pics/pengalamanInternet.PNG>
Package pdftex.def Info: pics/pengalamanInternet.PNG used on input line 45.
(pdftex.def)             Requested size: 358.50374pt x 207.14047pt.

<pics/pakeInternetperhari.PNG, id=852, 441.14813pt x 258.21469pt>
File: pics/pakeInternetperhari.PNG Graphic file (type png)

<use pics/pakeInternetperhari.PNG>
Package pdftex.def Info: pics/pakeInternetperhari.PNG used on input line 54.
(pdftex.def)             Requested size: 358.51947pt x 207.14333pt.

<pics/webfavorit.PNG, id=853, 438.8897pt x 258.21469pt>
File: pics/webfavorit.PNG Graphic file (type png)

<use pics/webfavorit.PNG>
Package pdftex.def Info: pics/webfavorit.PNG used on input line 61.
(pdftex.def)             Requested size: 358.51231pt x 207.14333pt.


Package Fancyhdr Warning: \headheight is too small (0.0pt): 
 Make it at least 14.49998pt.
 We now make it that large for the rest of the document.
 This may cause the page layout to be inconsistent, however.

[31 <C:/Users/Aldi Reinaldi/Documents/GitHub/TAmenoy/pics/lamakomputer.PNG> <C:
/Users/Aldi Reinaldi/Documents/GitHub/TAmenoy/pics/pengalamanInternet.PNG>]
<pics/keperluanAkses.PNG, id=862, 438.13687pt x 259.7203pt>
File: pics/keperluanAkses.PNG Graphic file (type png)

<use pics/keperluanAkses.PNG>
Package pdftex.def Info: pics/keperluanAkses.PNG used on input line 70.
(pdftex.def)             Requested size: 358.50572pt x 207.13847pt.


Package Fancyhdr Warning: \headheight is too small (0.0pt): 
 Make it at least 14.49998pt.
 We now make it that large for the rest of the document.
 This may cause the page layout to be inconsistent, however.

[32 <C:/Users/Aldi Reinaldi/Documents/GitHub/TAmenoy/pics/pakeInternetperhari.P
NG> <C:/Users/Aldi Reinaldi/Documents/GitHub/TAmenoy/pics/webfavorit.PNG>]

Package Fancyhdr Warning: \headheight is too small (0.0pt): 
 Make it at least 14.49998pt.
 We now make it that large for the rest of the document.
 This may cause the page layout to be inconsistent, however.

[33 <C:/Users/Aldi Reinaldi/Documents/GitHub/TAmenoy/pics/keperluanAkses.PNG>]
<pics/validitasUsabilityHeuristic.PNG, id=877, 505.13719pt x 443.40656pt>
File: pics/validitasUsabilityHeuristic.PNG Graphic file (type png)

<use pics/validitasUsabilityHeuristic.PNG>
Package pdftex.def Info: pics/validitasUsabilityHeuristic.PNG used on input lin
e 92.
(pdftex.def)             Requested size: 398.3386pt x 349.66489pt.

Overfull \hbox (12.0pt too wide) in paragraph at lines 90--94
 [][] 
 []

<pics/validitasKepuasanPengguna.PNG, id=880, 506.6428pt x 146.79843pt>
File: pics/validitasKepuasanPengguna.PNG Graphic file (type png)

<use pics/validitasKepuasanPengguna.PNG>
Package pdftex.def Info: pics/validitasKepuasanPengguna.PNG used on input line 
104.
(pdftex.def)             Requested size: 398.3386pt x 115.42068pt.

Overfull \hbox (12.0pt too wide) in paragraph at lines 102--106
 [][] 
 []


Underfull \hbox (badness 10000) in paragraph at lines 95--106

 []


Package Fancyhdr Warning: \headheight is too small (0.0pt): 
 Make it at least 14.49998pt.
 We now make it that large for the rest of the document.
 This may cause the page layout to be inconsistent, however.

[34 <C:/Users/Aldi Reinaldi/Documents/GitHub/TAmenoy/pics/validitasUsabilityHeu
ristic.PNG>] <pics/validitasGQuality.PNG, id=887, 504.38437pt x 199.49532pt>
File: pics/validitasGQuality.PNG Graphic file (type png)

<use pics/validitasGQuality.PNG>
Package pdftex.def Info: pics/validitasGQuality.PNG used on input line 114.
(pdftex.def)             Requested size: 398.3386pt x 157.5539pt.

Overfull \hbox (12.0pt too wide) in paragraph at lines 112--116
 [][] 
 []


LaTeX Warning: Reference `tab:cronalpha' on page 35 undefined on input line 119
.


Package natbib Warning: Citation `buku.george' on page 35 undefined on input li
ne 133.


Package Fancyhdr Warning: \headheight is too small (0.0pt): 
 Make it at least 14.49998pt.
 We now make it that large for the rest of the document.
 This may cause the page layout to be inconsistent, however.

[35 <C:/Users/Aldi Reinaldi/Documents/GitHub/TAmenoy/pics/validitasKepuasanPeng
guna.PNG> <C:/Users/Aldi Reinaldi/Documents/GitHub/TAmenoy/pics/validitasGQuali
ty.PNG>]

LaTeX Warning: Reference `tab:hasilconalp' on page 36 undefined on input line 1
36.

<pics/ordinalDescUH.PNG, id=896, 409.53pt x 493.0922pt>
File: pics/ordinalDescUH.PNG Graphic file (type png)

<use pics/ordinalDescUH.PNG>
Package pdftex.def Info: pics/ordinalDescUH.PNG used on input line 166.
(pdftex.def)             Requested size: 398.3386pt x 479.64565pt.

Overfull \hbox (12.0pt too wide) in paragraph at lines 164--168
 [][] 
 []


Package Fancyhdr Warning: \headheight is too small (0.0pt): 
 Make it at least 14.49998pt.
 We now make it that large for the rest of the document.
 This may cause the page layout to be inconsistent, however.

[36] <pics/ordinalT-testUH.PNG, id=903, 525.46312pt x 132.495pt>
File: pics/ordinalT-testUH.PNG Graphic file (type png)

<use pics/ordinalT-testUH.PNG>
Package pdftex.def Info: pics/ordinalT-testUH.PNG used on input line 177.
(pdftex.def)             Requested size: 398.3386pt x 100.44452pt.

Overfull \hbox (12.0pt too wide) in paragraph at lines 175--179
 [][] 
 []


Package Fancyhdr Warning: \headheight is too small (0.0pt): 
 Make it at least 14.49998pt.
 We now make it that large for the rest of the document.
 This may cause the page layout to be inconsistent, however.

[37 <C:/Users/Aldi Reinaldi/Documents/GitHub/TAmenoy/pics/ordinalDescUH.PNG>]
<pics/historata2uh.PNG, id=911, 467.49657pt x 272.51813pt>
File: pics/historata2uh.PNG Graphic file (type png)

<use pics/historata2uh.PNG>
Package pdftex.def Info: pics/historata2uh.PNG used on input line 209.
(pdftex.def)             Requested size: 398.3386pt x 232.21533pt.


Package Fancyhdr Warning: \headheight is too small (0.0pt): 
 Make it at least 14.49998pt.
 We now make it that large for the rest of the document.
 This may cause the page layout to be inconsistent, however.

[38 <C:/Users/Aldi Reinaldi/Documents/GitHub/TAmenoy/pics/ordinalT-testUH.PNG> 
<C:/Users/Aldi Reinaldi/Documents/GitHub/TAmenoy/pics/historata2uh.PNG>]
<pics/ordinaldescSAT.PNG, id=922, 414.79968pt x 490.83376pt>
File: pics/ordinaldescSAT.PNG Graphic file (type png)

<use pics/ordinaldescSAT.PNG>
Package pdftex.def Info: pics/ordinaldescSAT.PNG used on input line 236.
(pdftex.def)             Requested size: 398.3386pt x 471.3748pt.

Overfull \hbox (12.0pt too wide) in paragraph at lines 234--238
 [][] 
 []


Package Fancyhdr Warning: \headheight is too small (0.0pt): 
 Make it at least 14.49998pt.
 We now make it that large for the rest of the document.
 This may cause the page layout to be inconsistent, however.

[39] <pics/ordinalT-testSAT.PNG, id=928, 523.9575pt x 135.50626pt>
File: pics/ordinalT-testSAT.PNG Graphic file (type png)

<use pics/ordinalT-testSAT.PNG>
Package pdftex.def Info: pics/ordinalT-testSAT.PNG used on input line 247.
(pdftex.def)             Requested size: 398.3386pt x 103.02095pt.

Overfull \hbox (12.0pt too wide) in paragraph at lines 245--249
 [][] 
 []


Package Fancyhdr Warning: \headheight is too small (0.0pt): 
 Make it at least 14.49998pt.
 We now make it that large for the rest of the document.
 This may cause the page layout to be inconsistent, however.

[40 <C:/Users/Aldi Reinaldi/Documents/GitHub/TAmenoy/pics/ordinaldescSAT.PNG>]
<pics/ordinaldescGQ.PNG, id=936, 409.53pt x 491.58656pt>
File: pics/ordinaldescGQ.PNG Graphic file (type png)

<use pics/ordinaldescGQ.PNG>
Package pdftex.def Info: pics/ordinaldescGQ.PNG used on input line 260.
(pdftex.def)             Requested size: 398.3386pt x 478.18106pt.

Overfull \hbox (12.0pt too wide) in paragraph at lines 258--262
 [][] 
 []


Package Fancyhdr Warning: \headheight is too small (0.0pt): 
 Make it at least 14.49998pt.
 We now make it that large for the rest of the document.
 This may cause the page layout to be inconsistent, however.

[41 <C:/Users/Aldi Reinaldi/Documents/GitHub/TAmenoy/pics/ordinalT-testSAT.PNG>
] <pics/ordinalT-testGQ.PNG, id=943, 520.19344pt x 130.98938pt>
File: pics/ordinalT-testGQ.PNG Graphic file (type png)

<use pics/ordinalT-testGQ.PNG>
Package pdftex.def Info: pics/ordinalT-testGQ.PNG used on input line 271.
(pdftex.def)             Requested size: 398.3386pt x 100.30447pt.

Overfull \hbox (12.0pt too wide) in paragraph at lines 269--273
 [][] 
 []


Package Fancyhdr Warning: \headheight is too small (0.0pt): 
 Make it at least 14.49998pt.
 We now make it that large for the rest of the document.
 This may cause the page layout to be inconsistent, however.

[42 <C:/Users/Aldi Reinaldi/Documents/GitHub/TAmenoy/pics/ordinaldescGQ.PNG>]
<pics/historata2gq.PNG, id=952, 466.74374pt x 271.0125pt>
File: pics/historata2gq.PNG Graphic file (type png)

<use pics/historata2gq.PNG>
Package pdftex.def Info: pics/historata2gq.PNG used on input line 298.
(pdftex.def)             Requested size: 398.3386pt x 231.30455pt.


Package Fancyhdr Warning: \headheight is too small (0.0pt): 
 Make it at least 14.49998pt.
 We now make it that large for the rest of the document.
 This may cause the page layout to be inconsistent, however.

[43 <C:/Users/Aldi Reinaldi/Documents/GitHub/TAmenoy/pics/ordinalT-testGQ.PNG> 
<C:/Users/Aldi Reinaldi/Documents/GitHub/TAmenoy/pics/historata2gq.PNG>]
Underfull \hbox (badness 10000) in paragraph at lines 304--315

 []


LaTeX Warning: Reference `subbab:usability' on page 44 undefined on input line 
316.

<pics/waktudesc.PNG, id=963, 438.13687pt x 488.57532pt>
File: pics/waktudesc.PNG Graphic file (type png)

<use pics/waktudesc.PNG>
Package pdftex.def Info: pics/waktudesc.PNG used on input line 323.
(pdftex.def)             Requested size: 398.3386pt x 444.20166pt.

Overfull \hbox (12.0pt too wide) in paragraph at lines 321--325
 [][] 
 []


Package Fancyhdr Warning: \headheight is too small (0.0pt): 
 Make it at least 14.49998pt.
 We now make it that large for the rest of the document.
 This may cause the page layout to be inconsistent, however.

[44] <pics/waktuSelesaiT-test.PNG, id=969, 522.45187pt x 131.74219pt>
File: pics/waktuSelesaiT-test.PNG Graphic file (type png)

<use pics/waktuSelesaiT-test.PNG>
Package pdftex.def Info: pics/waktuSelesaiT-test.PNG used on input line 334.
(pdftex.def)             Requested size: 398.3386pt x 100.44672pt.

Overfull \hbox (12.0pt too wide) in paragraph at lines 332--336
 [][] 
 []


Package Fancyhdr Warning: \headheight is too small (0.0pt): 
 Make it at least 14.49998pt.
 We now make it that large for the rest of the document.
 This may cause the page layout to be inconsistent, however.

[45 <C:/Users/Aldi Reinaldi/Documents/GitHub/TAmenoy/pics/waktudesc.PNG>]
<pics/tugasselesaidesc.PNG, id=977, 413.29407pt x 493.0922pt>
File: pics/tugasselesaidesc.PNG Graphic file (type png)

<use pics/tugasselesaidesc.PNG>
Package pdftex.def Info: pics/tugasselesaidesc.PNG used on input line 346.
(pdftex.def)             Requested size: 398.3386pt x 475.25917pt.

Overfull \hbox (12.0pt too wide) in paragraph at lines 344--348
 [][] 
 []


Package Fancyhdr Warning: \headheight is too small (0.0pt): 
 Make it at least 14.49998pt.
 We now make it that large for the rest of the document.
 This may cause the page layout to be inconsistent, however.

[46 <C:/Users/Aldi Reinaldi/Documents/GitHub/TAmenoy/pics/waktuSelesaiT-test.PN
G>] <pics/rankSelesai.PNG, id=984, 397.485pt x 167.12437pt>
File: pics/rankSelesai.PNG Graphic file (type png)

<use pics/rankSelesai.PNG>
Package pdftex.def Info: pics/rankSelesai.PNG used on input line 356.
(pdftex.def)             Requested size: 398.3386pt x 167.4886pt.

Overfull \hbox (12.0pt too wide) in paragraph at lines 354--358
 [][] 
 []

<pics/selesaiWilcoxon.PNG, id=985, 199.49532pt x 127.97812pt>
File: pics/selesaiWilcoxon.PNG Graphic file (type png)

<use pics/selesaiWilcoxon.PNG>
Package pdftex.def Info: pics/selesaiWilcoxon.PNG used on input line 365.
(pdftex.def)             Requested size: 199.1693pt x 127.7747pt.


Package Fancyhdr Warning: \headheight is too small (0.0pt): 
 Make it at least 14.49998pt.
 We now make it that large for the rest of the document.
 This may cause the page layout to be inconsistent, however.

[47 <C:/Users/Aldi Reinaldi/Documents/GitHub/TAmenoy/pics/tugasselesaidesc.PNG>
] <pics/tugasgagaldesc.PNG, id=993, 407.27156pt x 487.8225pt>
File: pics/tugasgagaldesc.PNG Graphic file (type png)

<use pics/tugasgagaldesc.PNG>
Package pdftex.def Info: pics/tugasgagaldesc.PNG used on input line 377.
(pdftex.def)             Requested size: 398.3386pt x 477.13979pt.

Overfull \hbox (12.0pt too wide) in paragraph at lines 375--379
 [][] 
 []


Package Fancyhdr Warning: \headheight is too small (0.0pt): 
 Make it at least 14.49998pt.
 We now make it that large for the rest of the document.
 This may cause the page layout to be inconsistent, however.

[48 <C:/Users/Aldi Reinaldi/Documents/GitHub/TAmenoy/pics/rankSelesai.PNG> <C:/
Users/Aldi Reinaldi/Documents/GitHub/TAmenoy/pics/selesaiWilcoxon.PNG>]
<pics/rankGagal.PNG, id=1002, 401.24907pt x 164.86594pt>
File: pics/rankGagal.PNG Graphic file (type png)

<use pics/rankGagal.PNG>
Package pdftex.def Info: pics/rankGagal.PNG used on input line 388.
(pdftex.def)             Requested size: 398.3386pt x 163.68063pt.

Overfull \hbox (12.0pt too wide) in paragraph at lines 386--390
 [][] 
 []


Package Fancyhdr Warning: \headheight is too small (0.0pt): 
 Make it at least 14.49998pt.
 We now make it that large for the rest of the document.
 This may cause the page layout to be inconsistent, however.

[49 <C:/Users/Aldi Reinaldi/Documents/GitHub/TAmenoy/pics/tugasgagaldesc.PNG>]
<pics/gagalWilcoxon.PNG, id=1008, 199.49532pt x 129.48375pt>
File: pics/gagalWilcoxon.PNG Graphic file (type png)

<use pics/gagalWilcoxon.PNG>
Package pdftex.def Info: pics/gagalWilcoxon.PNG used on input line 397.
(pdftex.def)             Requested size: 199.1693pt x 129.27792pt.


Package Fancyhdr Warning: \headheight is too small (0.0pt): 
 Make it at least 14.49998pt.
 We now make it that large for the rest of the document.
 This may cause the page layout to be inconsistent, however.

[50 <C:/Users/Aldi Reinaldi/Documents/GitHub/TAmenoy/pics/rankGagal.PNG> <C:/Us
ers/Aldi Reinaldi/Documents/GitHub/TAmenoy/pics/gagalWilcoxon.PNG>]
<pics/preferensipengguna.PNG, id=1017, 484.05844pt x 284.56313pt>
File: pics/preferensipengguna.PNG Graphic file (type png)

<use pics/preferensipengguna.PNG>
Package pdftex.def Info: pics/preferensipengguna.PNG used on input line 420.
(pdftex.def)             Requested size: 398.3386pt x 234.18129pt.


Package Fancyhdr Warning: \headheight is too small (0.0pt): 
 Make it at least 14.49998pt.
 We now make it that large for the rest of the document.
 This may cause the page layout to be inconsistent, however.

[51 <C:/Users/Aldi Reinaldi/Documents/GitHub/TAmenoy/pics/preferensipengguna.PN
G>]
Underfull \hbox (badness 10000) in paragraph at lines 430--431

 []


Underfull \hbox (badness 10000) in paragraph at lines 431--432

 []


Underfull \hbox (badness 10000) in paragraph at lines 432--433

 []


Underfull \hbox (badness 10000) in paragraph at lines 433--434

 []


Underfull \hbox (badness 10000) in paragraph at lines 434--435

 []

)

Package Fancyhdr Warning: \headheight is too small (0.0pt): 
 Make it at least 14.49998pt.
 We now make it that large for the rest of the document.
 This may cause the page layout to be inconsistent, however.

[52] ("C:\Users\Aldi Reinaldi\Documents\GitHub\TAmenoy\skripsi.bbl" [53


])

Package natbib Warning: There were undefined citations.

Package atveryend Info: Empty hook `BeforeClearDocument' on input line 134.

Package Fancyhdr Warning: \headheight is too small (0.0pt): 
 Make it at least 14.49998pt.
 We now make it that large for the rest of the document.
 This may cause the page layout to be inconsistent, however.

[54]
Package atveryend Info: Empty hook `AfterLastShipout' on input line 134.
 ("C:\Users\Aldi Reinaldi\Documents\GitHub\TAmenoy\skripsi.aux"
("C:\Users\Aldi Reinaldi\Documents\GitHub\TAmenoy\sampul.aux")
("C:\Users\Aldi Reinaldi\Documents\GitHub\TAmenoy\judul_dalam.aux")
("C:\Users\Aldi Reinaldi\Documents\GitHub\TAmenoy\bab1-pendahuluan.aux")
("C:\Users\Aldi Reinaldi\Documents\GitHub\TAmenoy\bab2-tinjauan-pustaka.aux")
("C:\Users\Aldi Reinaldi\Documents\GitHub\TAmenoy\bab3-metodologi-penelitian.au
x")
("C:\Users\Aldi Reinaldi\Documents\GitHub\TAmenoy\bab4-analisis-dan-pembahasan.
aux"))
Package atveryend Info: Executing hook `AtVeryEndDocument' on input line 134.
Package atveryend Info: Executing hook `AtEndAfterFileList' on input line 134.
Package rerunfilecheck Info: File `skripsi.out' has not changed.
(rerunfilecheck)             Checksum: 6C265041C5C51308C8B7713574D39EB9;4845.


LaTeX Warning: There were undefined references.


LaTeX Warning: There were multiply-defined labels.

Package atveryend Info: Empty hook `AtVeryVeryEnd' on input line 134.
 ) 
Here is how much of TeX's memory you used:
 12977 strings out of 493921
 193998 string characters out of 3147258
 300499 words of memory out of 3000000
 15577 multiletter control sequences out of 15000+200000
 53869 words of font info for 71 fonts, out of 3000000 for 9000
 940 hyphenation exceptions out of 8191
 44i,14n,77p,1722b,641s stack positions out of 5000i,500n,10000p,200000b,50000s
{C:/Program Files/MiKTeX 2.9/fonts/enc/dvips/fontname/8r.enc}<C:/Program File
s/MiKTeX 2.9/fonts/type1/public/amsfonts/cm/cmr10.pfb><C:/Program Files/MiKTeX 
2.9/fonts/type1/public/amsfonts/cm/cmsy10.pfb><C:/Program Files/MiKTeX 2.9/font
s/type1/urw/helvetic/uhvb8a.pfb><C:/Program Files/MiKTeX 2.9/fonts/type1/urw/ti
mes/utmb8a.pfb><C:/Program Files/MiKTeX 2.9/fonts/type1/urw/times/utmbi8a.pfb><
C:/Program Files/MiKTeX 2.9/fonts/type1/urw/times/utmr8a.pfb><C:/Program Files/
MiKTeX 2.9/fonts/type1/urw/times/utmri8a.pfb>
Output written on skripsi.pdf (61 pages, 1098791 bytes).
PDF statistics:
 1143 PDF objects out of 1200 (max. 8388607)
 279 named destinations out of 1000 (max. 500000)
 683 words of extra memory for PDF output out of 10000 (max. 10000000)

