\BOOKMARK [0][-]{section*.2}{HALAMAN JUDUL}{}% 1
\BOOKMARK [0][-]{figure.caption.3}{Daftar Isi}{}% 2
\BOOKMARK [0][-]{figure.caption.3}{Daftar Gambar}{}% 3
\BOOKMARK [0][-]{figure.caption.3}{Daftar Tabel}{}% 4
\BOOKMARK [0][-]{figure.caption.3}{Daftar Kode}{}% 5
\BOOKMARK [0][-]{chapter.1}{1 Pendahuluan}{}% 6
\BOOKMARK [1][-]{section.1.1}{1.1 Latar Belakang}{chapter.1}% 7
\BOOKMARK [1][-]{section.1.2}{1.2 Perumusan Masalah}{chapter.1}% 8
\BOOKMARK [1][-]{section.1.3}{1.3 Tujuan Penelitian}{chapter.1}% 9
\BOOKMARK [1][-]{section.1.4}{1.4 Batasan Penelitian}{chapter.1}% 10
\BOOKMARK [1][-]{section.1.5}{1.5 Sistematika Penulisan}{chapter.1}% 11
\BOOKMARK [0][-]{chapter.2}{2 Tinjauan Pustaka}{}% 12
\BOOKMARK [1][-]{section.2.1}{2.1 Human Computer Interaction}{chapter.2}% 13
\BOOKMARK [2][-]{subsection.2.1.1}{2.1.1 User Experience}{section.2.1}% 14
\BOOKMARK [2][-]{subsection.2.1.2}{2.1.2 Usability}{section.2.1}% 15
\BOOKMARK [2][-]{subsection.2.1.3}{2.1.3 Nielsen's Usability Heuristics}{section.2.1}% 16
\BOOKMARK [1][-]{section.2.2}{2.2 Usability Testing}{chapter.2}% 17
\BOOKMARK [1][-]{section.2.3}{2.3 E-Government}{chapter.2}% 18
\BOOKMARK [2][-]{subsection.2.3.1}{2.3.1 Metode g-Quality}{section.2.3}% 19
\BOOKMARK [1][-]{section.2.4}{2.4 Prototyping}{chapter.2}% 20
\BOOKMARK [2][-]{subsection.2.4.1}{2.4.1 Low-Fidelity Prototyping}{section.2.4}% 21
\BOOKMARK [2][-]{subsection.2.4.2}{2.4.2 High-Fidelity Prototyping}{section.2.4}% 22
\BOOKMARK [1][-]{section.2.5}{2.5 Website Direktorat Jenderal Pajak}{chapter.2}% 23
\BOOKMARK [2][-]{subsection.2.5.1}{2.5.1 Website Direktorat Jenderal Pajak Indonesia}{section.2.5}% 24
\BOOKMARK [2][-]{subsection.2.5.2}{2.5.2 Website Direktorat Jenderal Pajak India}{section.2.5}% 25
\BOOKMARK [1][-]{section.2.6}{2.6 t-Test}{chapter.2}% 26
\BOOKMARK [1][-]{section.2.7}{2.7 Aplikasi Web Proto.io}{chapter.2}% 27
\BOOKMARK [0][-]{chapter.3}{3 Metodologi Penelitian}{}% 28
\BOOKMARK [1][-]{section.3.1}{3.1 Pendekatan Penelitian}{chapter.3}% 29
\BOOKMARK [1][-]{section.3.2}{3.2 Populasi dan Sampel}{chapter.3}% 30
\BOOKMARK [1][-]{section.3.3}{3.3 Tahapan Penelitian}{chapter.3}% 31
\BOOKMARK [2][-]{subsection.3.3.1}{3.3.1 Perumusan Masalah}{section.3.3}% 32
\BOOKMARK [2][-]{subsection.3.3.2}{3.3.2 Studi Literatur}{section.3.3}% 33
\BOOKMARK [2][-]{subsection.3.3.3}{3.3.3 Penyusunan Rancangan Penelitian}{section.3.3}% 34
\BOOKMARK [3][-]{subsubsection.3.3.3.1}{3.3.3.1 Mengembangkan Test Plan}{subsection.3.3.3}% 35
\BOOKMARK [3][-]{subsubsection.3.3.3.2}{3.3.3.2 Perancangan tugas dan kuesioner}{subsection.3.3.3}% 36
\BOOKMARK [3][-]{subsubsection.3.3.3.3}{3.3.3.3 Menentukan tipe data}{subsection.3.3.3}% 37
\BOOKMARK [3][-]{subsubsection.3.3.3.4}{3.3.3.4 Persiapan pelaksanaan usability testing}{subsection.3.3.3}% 38
\BOOKMARK [2][-]{subsection.3.3.4}{3.3.4 Pelaksanaan Penelitian}{section.3.3}% 39
\BOOKMARK [2][-]{subsection.3.3.5}{3.3.5 Analisis Data dan Requirement Gathering}{section.3.3}% 40
\BOOKMARK [2][-]{subsection.3.3.6}{3.3.6 Perancangan Prototype}{section.3.3}% 41
\BOOKMARK [2][-]{subsection.3.3.7}{3.3.7 Evaluasi Prototype}{section.3.3}% 42
\BOOKMARK [1][-]{section.3.4}{3.4 Metode Pengumpulan Data}{chapter.3}% 43
\BOOKMARK [2][-]{subsection.3.4.1}{3.4.1 Jenis dan Sumber Data}{section.3.4}% 44
\BOOKMARK [2][-]{subsection.3.4.2}{3.4.2 Teknik Pengumpulan Data}{section.3.4}% 45
\BOOKMARK [1][-]{section.3.5}{3.5 Metode Analisis Data}{chapter.3}% 46
\BOOKMARK [2][-]{subsection.3.5.1}{3.5.1 Uji Normalitas}{section.3.5}% 47
\BOOKMARK [2][-]{subsection.3.5.2}{3.5.2 Paired Samples t-Test}{section.3.5}% 48
\BOOKMARK [0][-]{chapter.4}{4 Analisis Data dan Pembahasan}{}% 49
\BOOKMARK [1][-]{section.4.1}{4.1 Demografi Responden}{chapter.4}% 50
\BOOKMARK [1][-]{section.4.2}{4.2 Uji Validitas dan Reliabilitas}{chapter.4}% 51
\BOOKMARK [2][-]{subsection.4.2.1}{4.2.1 Uji Validitas}{section.4.2}% 52
\BOOKMARK [2][-]{subsection.4.2.2}{4.2.2 Uji Realibilitas}{section.4.2}% 53
\BOOKMARK [1][-]{section.4.3}{4.3 Analisis Data}{chapter.4}% 54
\BOOKMARK [2][-]{subsection.4.3.1}{4.3.1 Usability Heuristic}{section.4.3}% 55
\BOOKMARK [2][-]{subsection.4.3.2}{4.3.2 Kepuasan Pengguna}{section.4.3}% 56
\BOOKMARK [2][-]{subsection.4.3.3}{4.3.3 Komponen g-Quality}{section.4.3}% 57
\BOOKMARK [2][-]{subsection.4.3.4}{4.3.4 Efisiensi}{section.4.3}% 58
\BOOKMARK [2][-]{subsection.4.3.5}{4.3.5 Efektivitas}{section.4.3}% 59
\BOOKMARK [2][-]{subsection.4.3.6}{4.3.6 Tingkat Kesalahan Pengguna}{section.4.3}% 60
\BOOKMARK [2][-]{subsection.4.3.7}{4.3.7 Preferensi Pengguna}{section.4.3}% 61
\BOOKMARK [2][-]{subsection.4.3.8}{4.3.8 Analisa Perbandingan Teori}{section.4.3}% 62
\BOOKMARK [2][-]{subsection.4.3.9}{4.3.9 Rekomendasi Perbaikan}{section.4.3}% 63
\BOOKMARK [0][-]{subsection.4.3.9}{Daftar Referensi}{}% 64
